2023-05-03 00:00:59.260  WARN 58227 --- [HikariPool-1 housekeeper] com.zaxxer.hikari.pool.HikariPool        : HikariPool-1 - Thread starvation or clock leap detected (housekeeper delta=47m11s221ms).
2023-05-03 01:23:53.123  WARN 58227 --- [HikariPool-1 housekeeper] com.zaxxer.hikari.pool.HikariPool        : HikariPool-1 - Thread starvation or clock leap detected (housekeeper delta=1h22m53s863ms).
2023-05-03 03:01:24.706  WARN 58227 --- [HikariPool-1 housekeeper] com.zaxxer.hikari.pool.HikariPool        : HikariPool-1 - Thread starvation or clock leap detected (housekeeper delta=1h37m31s583ms).
2023-05-03 04:25:05.234  WARN 58227 --- [HikariPool-1 housekeeper] com.zaxxer.hikari.pool.HikariPool        : HikariPool-1 - Thread starvation or clock leap detected (housekeeper delta=1h23m40s528ms).
2023-05-03 06:04:52.670  WARN 58227 --- [HikariPool-1 housekeeper] com.zaxxer.hikari.pool.HikariPool        : HikariPool-1 - Thread starvation or clock leap detected (housekeeper delta=1h39m47s436ms).
2023-05-03 07:27:56.773  WARN 58227 --- [HikariPool-1 housekeeper] com.zaxxer.hikari.pool.HikariPool        : HikariPool-1 - Thread starvation or clock leap detected (housekeeper delta=1h23m4s103ms).
2023-05-03 09:09:47.572  WARN 58227 --- [HikariPool-1 housekeeper] com.zaxxer.hikari.pool.HikariPool        : HikariPool-1 - Thread starvation or clock leap detected (housekeeper delta=1h41m50s799ms).
2023-05-03 09:41:49.205  WARN 58227 --- [HikariPool-1 housekeeper] com.zaxxer.hikari.pool.HikariPool        : HikariPool-1 - Thread starvation or clock leap detected (housekeeper delta=32m1s633ms).
2023-05-03 09:57:21.774  WARN 58227 --- [HikariPool-1 housekeeper] com.zaxxer.hikari.pool.HikariPool        : HikariPool-1 - Thread starvation or clock leap detected (housekeeper delta=15m32s569ms).
2023-05-03 10:15:01.875  WARN 58227 --- [HikariPool-1 housekeeper] com.zaxxer.hikari.pool.HikariPool        : HikariPool-1 - Thread starvation or clock leap detected (housekeeper delta=17m40s101ms).
2023-05-03 10:47:56.319  WARN 58227 --- [HikariPool-1 housekeeper] com.zaxxer.hikari.pool.HikariPool        : HikariPool-1 - Thread starvation or clock leap detected (housekeeper delta=32m54s444ms).
2023-05-03 10:48:55.461  WARN 58227 --- [HikariPool-1 housekeeper] com.zaxxer.hikari.pool.HikariPool        : HikariPool-1 - Thread starvation or clock leap detected (housekeeper delta=59s142ms).
2023-05-03 11:14:42.985  WARN 58227 --- [HikariPool-1 housekeeper] com.zaxxer.hikari.pool.HikariPool        : HikariPool-1 - Thread starvation or clock leap detected (housekeeper delta=16m47s401ms).
2023-05-03 12:11:18.552  WARN 58227 --- [HikariPool-1 housekeeper] com.zaxxer.hikari.pool.HikariPool        : HikariPool-1 - Thread starvation or clock leap detected (housekeeper delta=4m4s929ms).
2023-05-03 12:18:08.150  WARN 58227 --- [HikariPool-1 housekeeper] com.zaxxer.hikari.pool.HikariPool        : HikariPool-1 - Thread starvation or clock leap detected (housekeeper delta=4m19s563ms).
2023-05-03 12:36:58.223  WARN 58227 --- [HikariPool-1 housekeeper] com.zaxxer.hikari.pool.HikariPool        : HikariPool-1 - Thread starvation or clock leap detected (housekeeper delta=15m50s39ms).
2023-05-03 12:52:35.384  WARN 58227 --- [HikariPool-1 housekeeper] com.zaxxer.hikari.pool.HikariPool        : HikariPool-1 - Thread starvation or clock leap detected (housekeeper delta=15m37s161ms).
2023-05-03 13:09:29.606  WARN 58227 --- [HikariPool-1 housekeeper] com.zaxxer.hikari.pool.HikariPool        : HikariPool-1 - Thread starvation or clock leap detected (housekeeper delta=16m24s225ms).
2023-05-03 13:26:18.840  WARN 58227 --- [HikariPool-1 housekeeper] com.zaxxer.hikari.pool.HikariPool        : HikariPool-1 - Thread starvation or clock leap detected (housekeeper delta=16m49s233ms).
2023-05-03 13:42:43.210  WARN 58227 --- [HikariPool-1 housekeeper] com.zaxxer.hikari.pool.HikariPool        : HikariPool-1 - Thread starvation or clock leap detected (housekeeper delta=15m54s352ms).
2023-05-03 14:00:21.369  WARN 58227 --- [HikariPool-1 housekeeper] com.zaxxer.hikari.pool.HikariPool        : HikariPool-1 - Thread starvation or clock leap detected (housekeeper delta=17m8s152ms).
2023-05-03 15:17:57.852  WARN 58227 --- [HikariPool-1 housekeeper] com.zaxxer.hikari.pool.HikariPool        : HikariPool-1 - Thread starvation or clock leap detected (housekeeper delta=17m5s617ms).
2023-05-03 16:08:00.310  WARN 58227 --- [HikariPool-1 housekeeper] com.zaxxer.hikari.pool.HikariPool        : HikariPool-1 - Thread starvation or clock leap detected (housekeeper delta=49m32s433ms).
2023-05-03 17:48:18.942  WARN 58227 --- [HikariPool-1 housekeeper] com.zaxxer.hikari.pool.HikariPool        : HikariPool-1 - Thread starvation or clock leap detected (housekeeper delta=1h40m18s632ms).
2023-05-03 19:14:07.248  WARN 58227 --- [HikariPool-1 housekeeper] com.zaxxer.hikari.pool.HikariPool        : HikariPool-1 - Thread starvation or clock leap detected (housekeeper delta=1h25m48s306ms).
2023-05-03 20:37:39.462  WARN 58227 --- [HikariPool-1 housekeeper] com.zaxxer.hikari.pool.HikariPool        : HikariPool-1 - Thread starvation or clock leap detected (housekeeper delta=1h23m32s214ms).
2023-05-03 20:55:12.745  WARN 58227 --- [HikariPool-1 housekeeper] com.zaxxer.hikari.pool.HikariPool        : HikariPool-1 - Thread starvation or clock leap detected (housekeeper delta=17m33s282ms).
2023-05-03 21:36:42.041  INFO 58227 --- [File Watcher] rtingClassPathChangeChangedEventListener : Restarting due to 11 class path changes (0 additions, 11 deletions, 0 modifications)
2023-05-03 21:36:42.060  INFO 58227 --- [Thread-5] o.apache.catalina.core.StandardService   : Stopping service [Tomcat]
2023-05-03 21:36:42.062  INFO 58227 --- [Thread-5] o.a.c.c.C.[Tomcat].[localhost].[/]       : Destroying Spring FrameworkServlet 'dispatcherServlet'
2023-05-03 21:36:42.074  INFO 58227 --- [Thread-5] j.LocalContainerEntityManagerFactoryBean : Closing JPA EntityManagerFactory for persistence unit 'default'
2023-05-03 21:36:42.078  INFO 58227 --- [Thread-5] com.zaxxer.hikari.HikariDataSource       : HikariPool-1 - Shutdown initiated...
2023-05-03 21:36:42.080  INFO 58227 --- [Thread-5] com.zaxxer.hikari.HikariDataSource       : HikariPool-1 - Shutdown completed.
2023-05-03 21:51:24.625  INFO 89414 --- [main] c.e.s.SecondSpringAppApplicationTests    : Starting SecondSpringAppApplicationTests using Java 19 on Mohameds-MacBook-Pro.local with PID 89414 (started by mohamedhassan in /Users/mohamedhassan/IdeaProjects/simple-rest-spring-boot)
2023-05-03 21:51:24.627  INFO 89414 --- [main] c.e.s.SecondSpringAppApplicationTests    : No active profile set, falling back to 1 default profile: "default"
2023-05-03 21:51:24.644 DEBUG 89414 --- [main] o.s.w.c.s.GenericWebApplicationContext   : Refreshing org.springframework.web.context.support.GenericWebApplicationContext@631e06ab
2023-05-03 21:51:25.055  INFO 89414 --- [main] .s.d.r.c.RepositoryConfigurationDelegate : Bootstrapping Spring Data JPA repositories in DEFAULT mode.
2023-05-03 21:51:25.077  INFO 89414 --- [main] .s.d.r.c.RepositoryConfigurationDelegate : Finished Spring Data repository scanning in 19 ms. Found 1 JPA repository interfaces.
2023-05-03 21:51:25.335  INFO 89414 --- [main] o.hibernate.jpa.internal.util.LogHelper  : HHH000204: Processing PersistenceUnitInfo [name: default]
2023-05-03 21:51:25.355  INFO 89414 --- [main] org.hibernate.Version                    : HHH000412: Hibernate ORM core version 5.6.12.Final
2023-05-03 21:51:25.419  INFO 89414 --- [main] o.hibernate.annotations.common.Version   : HCANN000001: Hibernate Commons Annotations {5.1.2.Final}
2023-05-03 21:51:25.474  INFO 89414 --- [main] com.zaxxer.hikari.HikariDataSource       : HikariPool-1 - Starting...
2023-05-03 21:51:25.557  INFO 89414 --- [main] com.zaxxer.hikari.HikariDataSource       : HikariPool-1 - Start completed.
2023-05-03 21:51:25.564  INFO 89414 --- [main] org.hibernate.dialect.Dialect            : HHH000400: Using dialect: org.hibernate.dialect.MySQL5InnoDBDialect
2023-05-03 21:51:25.824  INFO 89414 --- [main] o.h.e.t.j.p.i.JtaPlatformInitiator       : HHH000490: Using JtaPlatform implementation: [org.hibernate.engine.transaction.jta.platform.internal.NoJtaPlatform]
2023-05-03 21:51:25.829  INFO 89414 --- [main] j.LocalContainerEntityManagerFactoryBean : Initialized JPA EntityManagerFactory for persistence unit 'default'
2023-05-03 21:51:26.055  WARN 89414 --- [main] JpaBaseConfiguration$JpaWebConfiguration : spring.jpa.open-in-view is enabled by default. Therefore, database queries may be performed during view rendering. Explicitly configure spring.jpa.open-in-view to disable this warning
2023-05-03 21:51:26.295 DEBUG 89414 --- [main] s.w.s.m.m.a.RequestMappingHandlerAdapter : ControllerAdvice beans: 0 @ModelAttribute, 0 @InitBinder, 1 RequestBodyAdvice, 1 ResponseBodyAdvice
2023-05-03 21:51:26.337 DEBUG 89414 --- [main] s.w.s.m.m.a.RequestMappingHandlerMapping : 8 mappings in 'requestMappingHandlerMapping'
2023-05-03 21:51:26.353 DEBUG 89414 --- [main] o.s.w.s.handler.SimpleUrlHandlerMapping  : Patterns [/webjars/**, /**] in 'resourceHandlerMapping'
2023-05-03 21:51:26.359 DEBUG 89414 --- [main] .m.m.a.ExceptionHandlerExceptionResolver : ControllerAdvice beans: 2 @ExceptionHandler, 1 ResponseBodyAdvice
2023-05-03 21:51:26.610  INFO 89414 --- [main] o.s.b.a.e.web.EndpointLinksResolver      : Exposing 14 endpoint(s) beneath base path '/actuator'
2023-05-03 21:51:26.637  INFO 89414 --- [main] c.e.s.SecondSpringAppApplicationTests    : Started SecondSpringAppApplicationTests in 2.331 seconds (JVM running for 2.742)
2023-05-03 21:51:26.786 DEBUG 89414 --- [SpringApplicationShutdownHook] o.s.w.c.s.GenericWebApplicationContext   : Closing org.springframework.web.context.support.GenericWebApplicationContext@631e06ab, started on Wed May 03 21:51:24 EET 2023
2023-05-03 21:51:26.790  INFO 89414 --- [SpringApplicationShutdownHook] j.LocalContainerEntityManagerFactoryBean : Closing JPA EntityManagerFactory for persistence unit 'default'
2023-05-03 21:51:26.791  INFO 89414 --- [SpringApplicationShutdownHook] com.zaxxer.hikari.HikariDataSource       : HikariPool-1 - Shutdown initiated...
2023-05-03 21:51:26.794  INFO 89414 --- [SpringApplicationShutdownHook] com.zaxxer.hikari.HikariDataSource       : HikariPool-1 - Shutdown completed.
2023-05-03 21:52:06.302  INFO 89913 --- [restartedMain] c.e.s.SimpleRestSpringBootApplication    : Starting SimpleRestSpringBootApplication using Java 19 on Mohameds-MacBook-Pro.local with PID 89913 (/Users/mohamedhassan/IdeaProjects/simple-rest-spring-boot/target/classes started by mohamedhassan in /Users/mohamedhassan/IdeaProjects/simple-rest-spring-boot)
2023-05-03 21:52:06.302  INFO 89913 --- [restartedMain] c.e.s.SimpleRestSpringBootApplication    : No active profile set, falling back to 1 default profile: "default"
2023-05-03 21:52:06.327  INFO 89913 --- [restartedMain] .e.DevToolsPropertyDefaultsPostProcessor : Devtools property defaults active! Set 'spring.devtools.add-properties' to 'false' to disable
2023-05-03 21:52:06.327  INFO 89913 --- [restartedMain] .e.DevToolsPropertyDefaultsPostProcessor : For additional web related logging consider setting the 'logging.level.web' property to 'DEBUG'
2023-05-03 21:52:06.679  INFO 89913 --- [restartedMain] .s.d.r.c.RepositoryConfigurationDelegate : Bootstrapping Spring Data JPA repositories in DEFAULT mode.
2023-05-03 21:52:06.704  INFO 89913 --- [restartedMain] .s.d.r.c.RepositoryConfigurationDelegate : Finished Spring Data repository scanning in 17 ms. Found 1 JPA repository interfaces.
2023-05-03 21:52:06.989  INFO 89913 --- [restartedMain] o.s.b.w.embedded.tomcat.TomcatWebServer  : Tomcat initialized with port(s): 8080 (http)
2023-05-03 21:52:06.994  INFO 89913 --- [restartedMain] o.apache.catalina.core.StandardService   : Starting service [Tomcat]
2023-05-03 21:52:06.994  INFO 89913 --- [restartedMain] org.apache.catalina.core.StandardEngine  : Starting Servlet engine: [Apache Tomcat/9.0.68]
2023-05-03 21:52:07.024  INFO 89913 --- [restartedMain] o.a.c.c.C.[Tomcat].[localhost].[/]       : Initializing Spring embedded WebApplicationContext
2023-05-03 21:52:07.024  INFO 89913 --- [restartedMain] w.s.c.ServletWebServerApplicationContext : Root WebApplicationContext: initialization completed in 697 ms
2023-05-03 21:52:07.191  INFO 89913 --- [restartedMain] o.hibernate.jpa.internal.util.LogHelper  : HHH000204: Processing PersistenceUnitInfo [name: default]
2023-05-03 21:52:07.210  INFO 89913 --- [restartedMain] org.hibernate.Version                    : HHH000412: Hibernate ORM core version 5.6.12.Final
2023-05-03 21:52:07.271  INFO 89913 --- [restartedMain] o.hibernate.annotations.common.Version   : HCANN000001: Hibernate Commons Annotations {5.1.2.Final}
2023-05-03 21:52:07.313  INFO 89913 --- [restartedMain] com.zaxxer.hikari.HikariDataSource       : HikariPool-1 - Starting...
2023-05-03 21:52:07.383  INFO 89913 --- [restartedMain] com.zaxxer.hikari.HikariDataSource       : HikariPool-1 - Start completed.
2023-05-03 21:52:07.389  INFO 89913 --- [restartedMain] org.hibernate.dialect.Dialect            : HHH000400: Using dialect: org.hibernate.dialect.MySQL5InnoDBDialect
2023-05-03 21:52:07.627  INFO 89913 --- [restartedMain] o.h.e.t.j.p.i.JtaPlatformInitiator       : HHH000490: Using JtaPlatform implementation: [org.hibernate.engine.transaction.jta.platform.internal.NoJtaPlatform]
2023-05-03 21:52:07.631  INFO 89913 --- [restartedMain] j.LocalContainerEntityManagerFactoryBean : Initialized JPA EntityManagerFactory for persistence unit 'default'
2023-05-03 21:52:07.780  WARN 89913 --- [restartedMain] JpaBaseConfiguration$JpaWebConfiguration : spring.jpa.open-in-view is enabled by default. Therefore, database queries may be performed during view rendering. Explicitly configure spring.jpa.open-in-view to disable this warning
2023-05-03 21:52:07.946 DEBUG 89913 --- [restartedMain] s.w.s.m.m.a.RequestMappingHandlerAdapter : ControllerAdvice beans: 0 @ModelAttribute, 0 @InitBinder, 1 RequestBodyAdvice, 1 ResponseBodyAdvice
2023-05-03 21:52:07.983 DEBUG 89913 --- [restartedMain] s.w.s.m.m.a.RequestMappingHandlerMapping : 8 mappings in 'requestMappingHandlerMapping'
2023-05-03 21:52:07.999 DEBUG 89913 --- [restartedMain] o.s.w.s.handler.SimpleUrlHandlerMapping  : Patterns [/webjars/**, /**] in 'resourceHandlerMapping'
2023-05-03 21:52:08.006 DEBUG 89913 --- [restartedMain] .m.m.a.ExceptionHandlerExceptionResolver : ControllerAdvice beans: 2 @ExceptionHandler, 1 ResponseBodyAdvice
2023-05-03 21:52:08.215  WARN 89913 --- [restartedMain] o.s.b.d.a.OptionalLiveReloadServer       : Unable to start LiveReload server
2023-05-03 21:52:08.220  INFO 89913 --- [restartedMain] o.s.b.a.e.web.EndpointLinksResolver      : Exposing 14 endpoint(s) beneath base path '/actuator'
2023-05-03 21:52:08.244  INFO 89913 --- [restartedMain] o.s.b.w.embedded.tomcat.TomcatWebServer  : Tomcat started on port(s): 8080 (http) with context path ''
2023-05-03 21:52:08.253  INFO 89913 --- [restartedMain] c.e.s.SimpleRestSpringBootApplication    : Started SimpleRestSpringBootApplication in 2.096 seconds (JVM running for 2.257)
